  main.cpp
c:\users\weizero\desktop\graph1\robot-rx78\robot\main.cpp(490): warning C4244: '正在初始化': 將 'double' 轉換為 'float'，由於類型不同，可能導致資料遺失
c:\users\weizero\desktop\graph1\robot-rx78\robot\main.cpp(546): warning C4018: '<': signed/unsigned 不相符
c:\users\weizero\desktop\graph1\robot-rx78\robot\main.cpp(570): warning C4244: '引數': 將 'int' 轉換為 'GLfloat'，由於類型不同，可能導致資料遺失
c:\users\weizero\desktop\graph1\robot-rx78\robot\main.cpp(577): warning C4244: '引數': 將 'GLuint' 轉換為 'GLfloat'，由於類型不同，可能導致資料遺失
c:\users\weizero\desktop\graph1\robot-rx78\robot\main.cpp(595): warning C4018: '<': signed/unsigned 不相符
c:\users\weizero\desktop\graph1\robot-rx78\robot\main.cpp(693): warning C4305: '引數': 從 'double' 轉換為 'float'，是由較大的類型轉換為較小的類型，可能導致資料遺失
c:\users\weizero\desktop\graph1\robot-rx78\robot\main.cpp(695): warning C4305: '引數': 從 'double' 轉換為 'float'，是由較大的類型轉換為較小的類型，可能導致資料遺失
c:\users\weizero\desktop\graph1\robot-rx78\robot\main.cpp(700): warning C4305: '引數': 從 'double' 轉換為 'float'，是由較大的類型轉換為較小的類型，可能導致資料遺失
c:\users\weizero\desktop\graph1\robot-rx78\robot\main.cpp(702): warning C4305: '引數': 從 'double' 轉換為 'float'，是由較大的類型轉換為較小的類型，可能導致資料遺失
c:\users\weizero\desktop\graph1\robot-rx78\robot\main.cpp(706): warning C4244: '引數': 將 'int' 轉換為 'float'，由於類型不同，可能導致資料遺失
c:\users\weizero\desktop\graph1\robot-rx78\robot\main.cpp(713): warning C4244: '引數': 將 'int' 轉換為 'float'，由於類型不同，可能導致資料遺失
c:\users\weizero\desktop\graph1\robot-rx78\robot\main.cpp(721): warning C4305: '引數': 從 'double' 轉換為 'float'，是由較大的類型轉換為較小的類型，可能導致資料遺失
c:\users\weizero\desktop\graph1\robot-rx78\robot\main.cpp(723): warning C4305: '引數': 從 'double' 轉換為 'float'，是由較大的類型轉換為較小的類型，可能導致資料遺失
c:\users\weizero\desktop\graph1\robot-rx78\robot\main.cpp(732): warning C4305: '引數': 從 'double' 轉換為 'float'，是由較大的類型轉換為較小的類型，可能導致資料遺失
c:\users\weizero\desktop\graph1\robot-rx78\robot\main.cpp(738): warning C4305: '引數': 從 'double' 轉換為 'float'，是由較大的類型轉換為較小的類型，可能導致資料遺失
c:\users\weizero\desktop\graph1\robot-rx78\robot\main.cpp(792): warning C4244: '正在初始化': 將 'double' 轉換為 'float'，由於類型不同，可能導致資料遺失
c:\users\weizero\desktop\graph1\robot-rx78\robot\main.cpp(815): warning C4305: '-=': 從 'double' 轉換為 'float'，是由較大的類型轉換為較小的類型，可能導致資料遺失
c:\users\weizero\desktop\graph1\robot-rx78\robot\main.cpp(818): warning C4305: '+=': 從 'double' 轉換為 'float'，是由較大的類型轉換為較小的類型，可能導致資料遺失
  objloader.cpp
c:\users\weizero\desktop\graph1\robot-rx78\robot\objloader.cpp(39): warning C4996: 'fopen': This function or variable may be unsafe. Consider using fopen_s instead. To disable deprecation, use _CRT_SECURE_NO_WARNINGS. See online help for details.
  c:\program files (x86)\windows kits\10\include\10.0.17134.0\ucrt\stdio.h(208): note: 請參閱 'fopen' 的宣告
c:\users\weizero\desktop\graph1\robot-rx78\robot\objloader.cpp(50): warning C4996: 'fscanf': This function or variable may be unsafe. Consider using fscanf_s instead. To disable deprecation, use _CRT_SECURE_NO_WARNINGS. See online help for details.
  c:\program files (x86)\windows kits\10\include\10.0.17134.0\ucrt\stdio.h(1197): note: 請參閱 'fscanf' 的宣告
c:\users\weizero\desktop\graph1\robot-rx78\robot\objloader.cpp(58): warning C4996: 'fscanf': This function or variable may be unsafe. Consider using fscanf_s instead. To disable deprecation, use _CRT_SECURE_NO_WARNINGS. See online help for details.
  c:\program files (x86)\windows kits\10\include\10.0.17134.0\ucrt\stdio.h(1197): note: 請參閱 'fscanf' 的宣告
c:\users\weizero\desktop\graph1\robot-rx78\robot\objloader.cpp(63): warning C4996: 'fscanf': This function or variable may be unsafe. Consider using fscanf_s instead. To disable deprecation, use _CRT_SECURE_NO_WARNINGS. See online help for details.
  c:\program files (x86)\windows kits\10\include\10.0.17134.0\ucrt\stdio.h(1197): note: 請參閱 'fscanf' 的宣告
c:\users\weizero\desktop\graph1\robot-rx78\robot\objloader.cpp(70): warning C4996: 'fscanf': This function or variable may be unsafe. Consider using fscanf_s instead. To disable deprecation, use _CRT_SECURE_NO_WARNINGS. See online help for details.
  c:\program files (x86)\windows kits\10\include\10.0.17134.0\ucrt\stdio.h(1197): note: 請參閱 'fscanf' 的宣告
c:\users\weizero\desktop\graph1\robot-rx78\robot\objloader.cpp(75): warning C4996: 'fscanf': This function or variable may be unsafe. Consider using fscanf_s instead. To disable deprecation, use _CRT_SECURE_NO_WARNINGS. See online help for details.
  c:\program files (x86)\windows kits\10\include\10.0.17134.0\ucrt\stdio.h(1197): note: 請參閱 'fscanf' 的宣告
c:\users\weizero\desktop\graph1\robot-rx78\robot\objloader.cpp(95): warning C4996: 'fscanf': This function or variable may be unsafe. Consider using fscanf_s instead. To disable deprecation, use _CRT_SECURE_NO_WARNINGS. See online help for details.
  c:\program files (x86)\windows kits\10\include\10.0.17134.0\ucrt\stdio.h(1197): note: 請參閱 'fscanf' 的宣告
c:\users\weizero\desktop\graph1\robot-rx78\robot\objloader.cpp(134): warning C4996: 'fopen': This function or variable may be unsafe. Consider using fopen_s instead. To disable deprecation, use _CRT_SECURE_NO_WARNINGS. See online help for details.
  c:\program files (x86)\windows kits\10\include\10.0.17134.0\ucrt\stdio.h(208): note: 請參閱 'fopen' 的宣告
c:\users\weizero\desktop\graph1\robot-rx78\robot\objloader.cpp(142): warning C4996: 'fscanf': This function or variable may be unsafe. Consider using fscanf_s instead. To disable deprecation, use _CRT_SECURE_NO_WARNINGS. See online help for details.
  c:\program files (x86)\windows kits\10\include\10.0.17134.0\ucrt\stdio.h(1197): note: 請參閱 'fscanf' 的宣告
c:\users\weizero\desktop\graph1\robot-rx78\robot\objloader.cpp(149): warning C4996: 'fscanf': This function or variable may be unsafe. Consider using fscanf_s instead. To disable deprecation, use _CRT_SECURE_NO_WARNINGS. See online help for details.
  c:\program files (x86)\windows kits\10\include\10.0.17134.0\ucrt\stdio.h(1197): note: 請參閱 'fscanf' 的宣告
c:\users\weizero\desktop\graph1\robot-rx78\robot\objloader.cpp(153): warning C4996: 'fscanf': This function or variable may be unsafe. Consider using fscanf_s instead. To disable deprecation, use _CRT_SECURE_NO_WARNINGS. See online help for details.
  c:\program files (x86)\windows kits\10\include\10.0.17134.0\ucrt\stdio.h(1197): note: 請參閱 'fscanf' 的宣告
c:\users\weizero\desktop\graph1\robot-rx78\robot\objloader.cpp(157): warning C4996: 'fscanf': This function or variable may be unsafe. Consider using fscanf_s instead. To disable deprecation, use _CRT_SECURE_NO_WARNINGS. See online help for details.
  c:\program files (x86)\windows kits\10\include\10.0.17134.0\ucrt\stdio.h(1197): note: 請參閱 'fscanf' 的宣告
c:\users\weizero\desktop\graph1\robot-rx78\robot\objloader.cpp(161): warning C4996: 'fscanf': This function or variable may be unsafe. Consider using fscanf_s instead. To disable deprecation, use _CRT_SECURE_NO_WARNINGS. See online help for details.
  c:\program files (x86)\windows kits\10\include\10.0.17134.0\ucrt\stdio.h(1197): note: 請參閱 'fscanf' 的宣告
c:\users\weizero\desktop\graph1\robot-rx78\robot\objloader.cpp(164): warning C4477: 'fscanf' : 格式字串 '%s' 需要 'char *' 類型的引數，但 variadic 引數 1 的類型為 'std::string'
c:\users\weizero\desktop\graph1\robot-rx78\robot\objloader.cpp(164): warning C4996: 'fscanf': This function or variable may be unsafe. Consider using fscanf_s instead. To disable deprecation, use _CRT_SECURE_NO_WARNINGS. See online help for details.
  c:\program files (x86)\windows kits\10\include\10.0.17134.0\ucrt\stdio.h(1197): note: 請參閱 'fscanf' 的宣告
  targa.cpp
c:\users\weizero\desktop\graph1\robot-rx78\robot\targa.cpp(110): warning C4996: 'fopen': This function or variable may be unsafe. Consider using fopen_s instead. To disable deprecation, use _CRT_SECURE_NO_WARNINGS. See online help for details.
  c:\program files (x86)\windows kits\10\include\10.0.17134.0\ucrt\stdio.h(208): note: 請參閱 'fopen' 的宣告
LINK : warning LNK4098: 預設的程式庫 'LIBCMT' 與其他使用的程式庫衝突，請使用 /NODEFAULTLIB:library
  正在產生程式碼
  All 554 functions were compiled because no usable IPDB/IOBJ from previous compilation was found.
  已完成程式碼產生
glew32s.lib(glew.obj) : warning LNK4099: 找不到 PDB 'glew_static.pdb' (有 'glew32s.lib(glew.obj)' 或位於 'C:\Users\weizero\Desktop\Graph1\Robot-RX78\Robot\Release\glew_static.pdb')，當做沒有偵錯資訊，連結物件
  Robot.vcxproj -> C:\Users\weizero\Desktop\Graph1\Robot-RX78\Robot\Release\Robot.exe
